<component name="libraryTable">
  <library name="junit-4.11">
    <CLASSES>
      <root url="jar://$USER_HOME$/jars/hamcrest-core-1.3.jar!/" />
      <root url="jar://$USER_HOME$/jars/junit-4.11.jar!/" />
      <root url="jar://$USER_HOME$/jars/selenium-2.39.0/selenium-java-2.39.0.jar!/" />
    </CLASSES>
    <JAVADOC />
    <SOURCES />
  </library>
</component>